# JRE version: Java(TM) SE Runtime Environment (8.0_241-b07) (build 1.8.0_241-b07)
# Java VM: Java HotSpot(TM) 64-Bit Server VM (25.241-b07 mixed mode windows-amd64 compressed oops)
Heap:
 PSYoungGen      total 79872K, used 46903K [0x00000000d5d00000, 0x00000000dc000000, 0x0000000100000000)
  eden space 70144K, 57% used [0x00000000d5d00000,0x00000000d8465c58,0x00000000da180000)
  from space 9728K, 67% used [0x00000000da180000,0x00000000da7e8288,0x00000000dab00000)
  to   space 9728K, 0% used [0x00000000db680000,0x00000000db680000,0x00000000dc000000)
 ParOldGen       total 65024K, used 21426K [0x0000000081600000, 0x0000000085580000, 0x00000000d5d00000)
  object space 65024K, 32% used [0x0000000081600000,0x0000000082aec888,0x0000000085580000)
 Metaspace       used 61433K, capacity 64764K, committed 65152K, reserved 1105920K
  class space    used 8413K, capacity 8977K, committed 9088K, reserved 1048576K
GC Heap History (10 events):
Event: 63.529 GC heap before
{Heap before GC invocations=20 (full 2):
 PSYoungGen      total 61952K, used 58377K [0x00000000d5d00000, 0x00000000dac00000, 0x0000000100000000)
  eden space 52224K, 100% used [0x00000000d5d00000,0x00000000d9000000,0x00000000d9000000)
  from space 9728K, 63% used [0x00000000d9000000,0x00000000d9602450,0x00000000d9980000)
  to   space 10240K, 0% used [0x00000000da200000,0x00000000da200000,0x00000000dac00000)
 ParOldGen       total 65024K, used 18598K [0x0000000081600000, 0x0000000085580000, 0x00000000d5d00000)
  object space 65024K, 28% used [0x0000000081600000,0x0000000082829a40,0x0000000085580000)
 Metaspace       used 54650K, capacity 56832K, committed 57088K, reserved 1097728K
  class space    used 7497K, capacity 7914K, committed 7936K, reserved 1048576K
Event: 63.535 GC heap after
Heap after GC invocations=20 (full 2):
 PSYoungGen      total 70656K, used 7465K [0x00000000d5d00000, 0x00000000dac00000, 0x0000000100000000)
  eden space 60416K, 0% used [0x00000000d5d00000,0x00000000d5d00000,0x00000000d9800000)
  from space 10240K, 72% used [0x00000000da200000,0x00000000da94a6c0,0x00000000dac00000)
  to   space 10240K, 0% used [0x00000000d9800000,0x00000000d9800000,0x00000000da200000)
 ParOldGen       total 65024K, used 18606K [0x0000000081600000, 0x0000000085580000, 0x00000000d5d00000)
  object space 65024K, 28% used [0x0000000081600000,0x000000008282ba40,0x0000000085580000)
 Metaspace       used 54650K, capacity 56832K, committed 57088K, reserved 1097728K
  class space    used 7497K, capacity 7914K, committed 7936K, reserved 1048576K
}
Event: 63.784 GC heap before
{Heap before GC invocations=21 (full 2):
 PSYoungGen      total 70656K, used 27335K [0x00000000d5d00000, 0x00000000dac00000, 0x0000000100000000)
  eden space 60416K, 32% used [0x00000000d5d00000,0x00000000d70678e8,0x00000000d9800000)
  from space 10240K, 72% used [0x00000000da200000,0x00000000da94a6c0,0x00000000dac00000)
  to   space 10240K, 0% used [0x00000000d9800000,0x00000000d9800000,0x00000000da200000)
 ParOldGen       total 65024K, used 18606K [0x0000000081600000, 0x0000000085580000, 0x00000000d5d00000)
  object space 65024K, 28% used [0x0000000081600000,0x000000008282ba40,0x0000000085580000)
 Metaspace       used 56222K, capacity 58856K, committed 59008K, reserved 1099776K
  class space    used 7739K, capacity 8218K, committed 8320K, reserved 1048576K
Event: 63.789 GC heap after
Heap after GC invocations=21 (full 2):
 PSYoungGen      total 70656K, used 5088K [0x00000000d5d00000, 0x00000000db700000, 0x0000000100000000)
  eden space 60416K, 0% used [0x00000000d5d00000,0x00000000d5d00000,0x00000000d9800000)
  from space 10240K, 49% used [0x00000000d9800000,0x00000000d9cf8308,0x00000000da200000)
  to   space 9728K, 0% used [0x00000000dad80000,0x00000000dad80000,0x00000000db700000)
 ParOldGen       total 65024K, used 18614K [0x0000000081600000, 0x0000000085580000, 0x00000000d5d00000)
  object space 65024K, 28% used [0x0000000081600000,0x000000008282da40,0x0000000085580000)
 Metaspace       used 56222K, capacity 58856K, committed 59008K, reserved 1099776K
  class space    used 7739K, capacity 8218K, committed 8320K, reserved 1048576K
}
Event: 63.789 GC heap before
{Heap before GC invocations=22 (full 3):
 PSYoungGen      total 70656K, used 5088K [0x00000000d5d00000, 0x00000000db700000, 0x0000000100000000)
  eden space 60416K, 0% used [0x00000000d5d00000,0x00000000d5d00000,0x00000000d9800000)
  from space 10240K, 49% used [0x00000000d9800000,0x00000000d9cf8308,0x00000000da200000)
  to   space 9728K, 0% used [0x00000000dad80000,0x00000000dad80000,0x00000000db700000)
 ParOldGen       total 65024K, used 18614K [0x0000000081600000, 0x0000000085580000, 0x00000000d5d00000)
  object space 65024K, 28% used [0x0000000081600000,0x000000008282da40,0x0000000085580000)
 Metaspace       used 56222K, capacity 58856K, committed 59008K, reserved 1099776K
  class space    used 7739K, capacity 8218K, committed 8320K, reserved 1048576K
Event: 63.951 GC heap after
Heap after GC invocations=22 (full 3):
 PSYoungGen      total 70656K, used 0K [0x00000000d5d00000, 0x00000000db700000, 0x0000000100000000)
  eden space 60416K, 0% used [0x00000000d5d00000,0x00000000d5d00000,0x00000000d9800000)
  from space 10240K, 0% used [0x00000000d9800000,0x00000000d9800000,0x00000000da200000)
  to   space 9728K, 0% used [0x00000000dad80000,0x00000000dad80000,0x00000000db700000)
 ParOldGen       total 65024K, used 21410K [0x0000000081600000, 0x0000000085580000, 0x00000000d5d00000)
  object space 65024K, 32% used [0x0000000081600000,0x0000000082ae8888,0x0000000085580000)
 Metaspace       used 56222K, capacity 58856K, committed 59008K, reserved 1099776K
  class space    used 7739K, capacity 8218K, committed 8320K, reserved 1048576K
}
Event: 64.751 GC heap before
{Heap before GC invocations=23 (full 3):
 PSYoungGen      total 70656K, used 60416K [0x00000000d5d00000, 0x00000000db700000, 0x0000000100000000)
  eden space 60416K, 100% used [0x00000000d5d00000,0x00000000d9800000,0x00000000d9800000)
  from space 10240K, 0% used [0x00000000d9800000,0x00000000d9800000,0x00000000da200000)
  to   space 9728K, 0% used [0x00000000dad80000,0x00000000dad80000,0x00000000db700000)
 ParOldGen       total 65024K, used 21410K [0x0000000081600000, 0x0000000085580000, 0x00000000d5d00000)
  object space 65024K, 32% used [0x0000000081600000,0x0000000082ae8888,0x0000000085580000)
 Metaspace       used 57752K, capacity 60880K, committed 61056K, reserved 1101824K
  class space    used 8006K, capacity 8544K, committed 8576K, reserved 1048576K
Event: 64.755 GC heap after
Heap after GC invocations=23 (full 3):
 PSYoungGen      total 77312K, used 3638K [0x00000000d5d00000, 0x00000000db480000, 0x0000000100000000)
  eden space 70144K, 0% used [0x00000000d5d00000,0x00000000d5d00000,0x00000000da180000)
  from space 7168K, 50% used [0x00000000dad80000,0x00000000db10dbb8,0x00000000db480000)
  to   space 9728K, 0% used [0x00000000da180000,0x00000000da180000,0x00000000dab00000)
 ParOldGen       total 65024K, used 21418K [0x0000000081600000, 0x0000000085580000, 0x00000000d5d00000)
  object space 65024K, 32% used [0x0000000081600000,0x0000000082aea888,0x0000000085580000)
 Metaspace       used 57752K, capacity 60880K, committed 61056K, reserved 1101824K
  class space    used 8006K, capacity 8544K, committed 8576K, reserved 1048576K
}
Event: 65.280 GC heap before
{Heap before GC invocations=24 (full 3):
 PSYoungGen      total 77312K, used 73782K [0x00000000d5d00000, 0x00000000db480000, 0x0000000100000000)
  eden space 70144K, 100% used [0x00000000d5d00000,0x00000000da180000,0x00000000da180000)
  from space 7168K, 50% used [0x00000000dad80000,0x00000000db10dbb8,0x00000000db480000)
  to   space 9728K, 0% used [0x00000000da180000,0x00000000da180000,0x00000000dab00000)
 ParOldGen       total 65024K, used 21418K [0x0000000081600000, 0x0000000085580000, 0x00000000d5d00000)
  object space 65024K, 32% used [0x0000000081600000,0x0000000082aea888,0x0000000085580000)
 Metaspace       used 59387K, capacity 62684K, committed 62848K, reserved 1103872K
  class space    used 8240K, capacity 8798K, committed 8832K, reserved 1048576K
Event: 65.285 GC heap after
Heap after GC invocations=24 (full 3):
 PSYoungGen      total 79872K, used 6560K [0x00000000d5d00000, 0x00000000dc000000, 0x0000000100000000)
  eden space 70144K, 0% used [0x00000000d5d00000,0x00000000d5d00000,0x00000000da180000)
  from space 9728K, 67% used [0x00000000da180000,0x00000000da7e8288,0x00000000dab00000)
  to   space 9728K, 0% used [0x00000000db680000,0x00000000db680000,0x00000000dc000000)
 ParOldGen       total 65024K, used 21426K [0x0000000081600000, 0x0000000085580000, 0x00000000d5d00000)
  object space 65024K, 32% used [0x0000000081600000,0x0000000082aec888,0x0000000085580000)
 Metaspace       used 59387K, capacity 62684K, committed 62848K, reserved 1103872K
  class space    used 8240K, capacity 8798K, committed 8832K, reserved 1048576K
}

