# JRE version: Java(TM) SE Runtime Environment (8.0_241-b07) (build 1.8.0_241-b07)
# Java VM: Java HotSpot(TM) 64-Bit Server VM (25.241-b07 mixed mode windows-amd64 compressed oops)
Heap:
 PSYoungGen      total 210944K, used 160035K [0x00000000d5d00000, 0x00000000e3f00000, 0x0000000100000000)
  eden space 200192K, 79% used [0x00000000d5d00000,0x00000000df948f58,0x00000000e2080000)
  from space 10752K, 0% used [0x00000000e3480000,0x00000000e3480000,0x00000000e3f00000)
  to   space 15360K, 0% used [0x00000000e2100000,0x00000000e2100000,0x00000000e3000000)
 ParOldGen       total 126464K, used 20862K [0x0000000081600000, 0x0000000089180000, 0x00000000d5d00000)
  object space 126464K, 16% used [0x0000000081600000,0x0000000082a5fa18,0x0000000089180000)
 Metaspace       used 62081K, capacity 65382K, committed 65664K, reserved 1105920K
  class space    used 8702K, capacity 9277K, committed 9344K, reserved 1048576K
GC Heap History (10 events):
Event: 3.215 GC heap before
{Heap before GC invocations=9 (full 1):
 PSYoungGen      total 139776K, used 106740K [0x00000000d5d00000, 0x00000000e1080000, 0x0000000100000000)
  eden space 130560K, 76% used [0x00000000d5d00000,0x00000000dbeea368,0x00000000ddc80000)
  from space 9216K, 70% used [0x00000000ddc80000,0x00000000de2d2da8,0x00000000de580000)
  to   space 8704K, 0% used [0x00000000e0800000,0x00000000e0800000,0x00000000e1080000)
 ParOldGen       total 56832K, used 7727K [0x0000000081600000, 0x0000000084d80000, 0x00000000d5d00000)
  object space 56832K, 13% used [0x0000000081600000,0x0000000081d8bde8,0x0000000084d80000)
 Metaspace       used 33444K, capacity 35314K, committed 35416K, reserved 1079296K
  class space    used 4433K, capacity 4785K, committed 4864K, reserved 1048576K
Event: 3.223 GC heap after
Heap after GC invocations=9 (full 1):
 PSYoungGen      total 173568K, used 8690K [0x00000000d5d00000, 0x00000000e3480000, 0x0000000100000000)
  eden space 164864K, 0% used [0x00000000d5d00000,0x00000000d5d00000,0x00000000dfe00000)
  from space 8704K, 99% used [0x00000000e0800000,0x00000000e107cbe0,0x00000000e1080000)
  to   space 10240K, 0% used [0x00000000dfe00000,0x00000000dfe00000,0x00000000e0800000)
 ParOldGen       total 56832K, used 9014K [0x0000000081600000, 0x0000000084d80000, 0x00000000d5d00000)
  object space 56832K, 15% used [0x0000000081600000,0x0000000081ecdb88,0x0000000084d80000)
 Metaspace       used 33444K, capacity 35314K, committed 35416K, reserved 1079296K
  class space    used 4433K, capacity 4785K, committed 4864K, reserved 1048576K
}
Event: 3.223 GC heap before
{Heap before GC invocations=10 (full 2):
 PSYoungGen      total 173568K, used 8690K [0x00000000d5d00000, 0x00000000e3480000, 0x0000000100000000)
  eden space 164864K, 0% used [0x00000000d5d00000,0x00000000d5d00000,0x00000000dfe00000)
  from space 8704K, 99% used [0x00000000e0800000,0x00000000e107cbe0,0x00000000e1080000)
  to   space 10240K, 0% used [0x00000000dfe00000,0x00000000dfe00000,0x00000000e0800000)
 ParOldGen       total 56832K, used 9014K [0x0000000081600000, 0x0000000084d80000, 0x00000000d5d00000)
  object space 56832K, 15% used [0x0000000081600000,0x0000000081ecdb88,0x0000000084d80000)
 Metaspace       used 33444K, capacity 35314K, committed 35416K, reserved 1079296K
  class space    used 4433K, capacity 4785K, committed 4864K, reserved 1048576K
Event: 3.265 GC heap after
Heap after GC invocations=10 (full 2):
 PSYoungGen      total 173568K, used 0K [0x00000000d5d00000, 0x00000000e3480000, 0x0000000100000000)
  eden space 164864K, 0% used [0x00000000d5d00000,0x00000000d5d00000,0x00000000dfe00000)
  from space 8704K, 0% used [0x00000000e0800000,0x00000000e0800000,0x00000000e1080000)
  to   space 10240K, 0% used [0x00000000dfe00000,0x00000000dfe00000,0x00000000e0800000)
 ParOldGen       total 89600K, used 14808K [0x0000000081600000, 0x0000000086d80000, 0x00000000d5d00000)
  object space 89600K, 16% used [0x0000000081600000,0x0000000082476140,0x0000000086d80000)
 Metaspace       used 33444K, capacity 35314K, committed 35416K, reserved 1079296K
  class space    used 4433K, capacity 4785K, committed 4864K, reserved 1048576K
}
Event: 10.116 GC heap before
{Heap before GC invocations=11 (full 2):
 PSYoungGen      total 173568K, used 164864K [0x00000000d5d00000, 0x00000000e3480000, 0x0000000100000000)
  eden space 164864K, 100% used [0x00000000d5d00000,0x00000000dfe00000,0x00000000dfe00000)
  from space 8704K, 0% used [0x00000000e0800000,0x00000000e0800000,0x00000000e1080000)
  to   space 10240K, 0% used [0x00000000dfe00000,0x00000000dfe00000,0x00000000e0800000)
 ParOldGen       total 89600K, used 14808K [0x0000000081600000, 0x0000000086d80000, 0x00000000d5d00000)
  object space 89600K, 16% used [0x0000000081600000,0x0000000082476140,0x0000000086d80000)
 Metaspace       used 53617K, capacity 55694K, committed 56192K, reserved 1097728K
  class space    used 7394K, capacity 7793K, committed 7808K, reserved 1048576K
Event: 10.143 GC heap after
Heap after GC invocations=11 (full 2):
 PSYoungGen      total 175104K, used 10236K [0x00000000d5d00000, 0x00000000e4380000, 0x0000000100000000)
  eden space 164864K, 0% used [0x00000000d5d00000,0x00000000d5d00000,0x00000000dfe00000)
  from space 10240K, 99% used [0x00000000dfe00000,0x00000000e07ff220,0x00000000e0800000)
  to   space 15360K, 0% used [0x00000000e3480000,0x00000000e3480000,0x00000000e4380000)
 ParOldGen       total 89600K, used 24999K [0x0000000081600000, 0x0000000086d80000, 0x00000000d5d00000)
  object space 89600K, 27% used [0x0000000081600000,0x0000000082e69d40,0x0000000086d80000)
 Metaspace       used 53617K, capacity 55694K, committed 56192K, reserved 1097728K
  class space    used 7394K, capacity 7793K, committed 7808K, reserved 1048576K
}
Event: 12.132 GC heap before
{Heap before GC invocations=12 (full 2):
 PSYoungGen      total 175104K, used 51944K [0x00000000d5d00000, 0x00000000e4380000, 0x0000000100000000)
  eden space 164864K, 25% used [0x00000000d5d00000,0x00000000d85baed0,0x00000000dfe00000)
  from space 10240K, 99% used [0x00000000dfe00000,0x00000000e07ff220,0x00000000e0800000)
  to   space 15360K, 0% used [0x00000000e3480000,0x00000000e3480000,0x00000000e4380000)
 ParOldGen       total 89600K, used 24999K [0x0000000081600000, 0x0000000086d80000, 0x00000000d5d00000)
  object space 89600K, 27% used [0x0000000081600000,0x0000000082e69d40,0x0000000086d80000)
 Metaspace       used 56577K, capacity 58674K, committed 59008K, reserved 1099776K
  class space    used 7874K, capacity 8287K, committed 8320K, reserved 1048576K
Event: 12.139 GC heap after
Heap after GC invocations=12 (full 2):
 PSYoungGen      total 210944K, used 10277K [0x00000000d5d00000, 0x00000000e3f00000, 0x0000000100000000)
  eden space 200192K, 0% used [0x00000000d5d00000,0x00000000d5d00000,0x00000000e2080000)
  from space 10752K, 95% used [0x00000000e3480000,0x00000000e3e895f0,0x00000000e3f00000)
  to   space 15360K, 0% used [0x00000000e2100000,0x00000000e2100000,0x00000000e3000000)
 ParOldGen       total 89600K, used 25039K [0x0000000081600000, 0x0000000086d80000, 0x00000000d5d00000)
  object space 89600K, 27% used [0x0000000081600000,0x0000000082e73d50,0x0000000086d80000)
 Metaspace       used 56577K, capacity 58674K, committed 59008K, reserved 1099776K
  class space    used 7874K, capacity 8287K, committed 8320K, reserved 1048576K
}
Event: 12.139 GC heap before
{Heap before GC invocations=13 (full 3):
 PSYoungGen      total 210944K, used 10277K [0x00000000d5d00000, 0x00000000e3f00000, 0x0000000100000000)
  eden space 200192K, 0% used [0x00000000d5d00000,0x00000000d5d00000,0x00000000e2080000)
  from space 10752K, 95% used [0x00000000e3480000,0x00000000e3e895f0,0x00000000e3f00000)
  to   space 15360K, 0% used [0x00000000e2100000,0x00000000e2100000,0x00000000e3000000)
 ParOldGen       total 89600K, used 25039K [0x0000000081600000, 0x0000000086d80000, 0x00000000d5d00000)
  object space 89600K, 27% used [0x0000000081600000,0x0000000082e73d50,0x0000000086d80000)
 Metaspace       used 56577K, capacity 58674K, committed 59008K, reserved 1099776K
  class space    used 7874K, capacity 8287K, committed 8320K, reserved 1048576K
Event: 12.248 GC heap after
Heap after GC invocations=13 (full 3):
 PSYoungGen      total 210944K, used 0K [0x00000000d5d00000, 0x00000000e3f00000, 0x0000000100000000)
  eden space 200192K, 0% used [0x00000000d5d00000,0x00000000d5d00000,0x00000000e2080000)
  from space 10752K, 0% used [0x00000000e3480000,0x00000000e3480000,0x00000000e3f00000)
  to   space 15360K, 0% used [0x00000000e2100000,0x00000000e2100000,0x00000000e3000000)
 ParOldGen       total 126464K, used 20862K [0x0000000081600000, 0x0000000089180000, 0x00000000d5d00000)
  object space 126464K, 16% used [0x0000000081600000,0x0000000082a5fa18,0x0000000089180000)
 Metaspace       used 56577K, capacity 58674K, committed 59008K, reserved 1099776K
  class space    used 7874K, capacity 8287K, committed 8320K, reserved 1048576K
}

